[INFO] Scanning for projects...
[WARNING] 
[WARNING] Some problems were encountered while building the effective model for org.wso2.developerstudio:org.wso2.developerstudio.eclipse.jaggery.artifact.feature:pom:1.1.0
[WARNING] 'version' contains an expression but should be a constant. @ org.wso2.developerstudio:org.wso2.developerstudio.eclipse.jaggery.artifact.feature:${jaggery.feature.version}, /var/home/developerstudio/wso2/developer-studio/features/jaggery/org.wso2.developerstudio.eclipse.jaggery.artifact.feature/pom.xml, line 31, column 14
[WARNING] 
[WARNING] It is highly recommended to fix these problems because they threaten the stability of your build.
[WARNING] 
[WARNING] For this reason, future Maven versions might no longer support building such malformed projects.
[WARNING] 
[INFO]                                                                         
[INFO] ------------------------------------------------------------------------
[INFO] Building Jaggery Artifact 1.1.0
[INFO] ------------------------------------------------------------------------
[INFO] 
[INFO] --- maven-clean-plugin:2.4.1:clean (default-clean) @ org.wso2.developerstudio.eclipse.jaggery.artifact.feature ---
[INFO] Deleting /var/home/developerstudio/wso2/developer-studio/features/jaggery/org.wso2.developerstudio.eclipse.jaggery.artifact.feature/target
[INFO] 
[INFO] --- incremental-build-plugin:1.3:incremental-build (default) @ org.wso2.developerstudio.eclipse.jaggery.artifact.feature ---
[INFO] Verifying module descriptor ...
[INFO] Pom descriptor modification detected.
[INFO] Deleting /var/home/developerstudio/wso2/developer-studio/features/jaggery/org.wso2.developerstudio.eclipse.jaggery.artifact.feature/target
[INFO] 
[INFO] --- tycho-source-plugin:0.19.0:plugin-source (plugin-source) @ org.wso2.developerstudio.eclipse.jaggery.artifact.feature ---
[INFO] 
[INFO] --- carbon-p2-plugin:1.2:p2-feature-gen (p2-feature-generation) @ org.wso2.developerstudio.eclipse.jaggery.artifact.feature ---
[INFO] Generating feature manifest
[INFO] Generating feature properties
[INFO] Generating MANIFEST.MF
[INFO] Copying bundle dependencies
[INFO]    org.eclipse.dltk.debug:5.0.0.201306060709
[INFO]    org.eclipse.dltk.validators.ui:5.0.0.201306060709
[INFO]    org.eclipse.dltk.ui:5.0.0.201306060709
[INFO]    org.eclipse.dltk.annotations:5.0.0.201306060709
[INFO]    org.eclipse.dltk.rse.core:5.0.0.201306060709
[INFO]    org.eclipse.dltk.logconsole:5.0.0.201306060709
[INFO]    org.eclipse.dltk.validators.externalchecker:5.0.0.201306060709
[INFO]    org.eclipse.dltk.rse.ui:5.0.0.201306060709
[INFO]    org.eclipse.dltk.core:5.0.0.201306060709
[INFO]    org.eclipse.dltk.ssh.core:5.0.0.201306060709
[INFO]    org.eclipse.dltk.console:5.0.0.201306060709
[INFO]    org.eclipse.dltk.console.ui:5.0.0.201306060709
[INFO]    org.eclipse.dltk.testing:5.0.0.201306060709
[INFO]    org.eclipse.dltk:5.0.0.201306060709
[INFO]    org.eclipse.dltk.launching:5.0.0.201306060709
[INFO]    org.eclipse.dltk.validators.core:5.0.0.201306060709
[INFO]    org.eclipse.dltk.debug.ui:5.0.0.201306060709
[INFO]    org.eclipse.dltk.core.manipulation:5.0.0.201306060709
[INFO]    org.eclipse.dltk.logconsole.ui:5.0.0.201306060709
[INFO]    org.eclipse.dltk.formatter:5.0.0.201306060709
[INFO]    org.h2:1.1.117.v201105142352
[INFO]    org.eclipse.php.debug.core:1.1.0
[INFO]    org.eclipse.php.debug.daemon:1.1.0
[INFO]    org.eclipse.php.debug.ui:1.1.0
[INFO]    org.eclipse.php.server.core:1.1.0
[INFO]    org.eclipse.php.server.ui:1.1.0
[INFO]    org.eclipse.php.core.parser:1.1.0
[INFO]    org.eclipse.php.core:1.1.0
[INFO]    org.eclipse.php.ui:1.1.0
[INFO]    org.eclipse.php.help:1.1.0
[INFO]    org.eclipse.php.mylyn.ui:1.1.0
[INFO] Generating feature archive: /var/home/developerstudio/wso2/developer-studio/features/jaggery/org.wso2.developerstudio.eclipse.jaggery.artifact.feature/target/org.wso2.developerstudio.eclipse.jaggery.artifact.feature-1.1.0.zip
[INFO] 
[INFO] --- maven-install-plugin:2.3.1:install (default-install) @ org.wso2.developerstudio.eclipse.jaggery.artifact.feature ---
[INFO] Installing /var/home/developerstudio/wso2/developer-studio/features/jaggery/org.wso2.developerstudio.eclipse.jaggery.artifact.feature/pom.xml to /var/home/developerstudio/.m2/repository/org/wso2/developerstudio/org.wso2.developerstudio.eclipse.jaggery.artifact.feature/1.1.0/org.wso2.developerstudio.eclipse.jaggery.artifact.feature-1.1.0.pom
[INFO] Installing /var/home/developerstudio/wso2/developer-studio/features/jaggery/org.wso2.developerstudio.eclipse.jaggery.artifact.feature/target/org.wso2.developerstudio.eclipse.jaggery.artifact.feature-1.1.0.zip to /var/home/developerstudio/.m2/repository/org/wso2/developerstudio/org.wso2.developerstudio.eclipse.jaggery.artifact.feature/1.1.0/org.wso2.developerstudio.eclipse.jaggery.artifact.feature-1.1.0.zip
[INFO] ------------------------------------------------------------------------
[INFO] BUILD SUCCESS
[INFO] ------------------------------------------------------------------------
[INFO] Total time: 4.687s
[INFO] Finished at: Wed Mar 05 19:44:38 PST 2014
[INFO] Final Memory: 24M/981M
[INFO] ------------------------------------------------------------------------
