[INFO] Scanning for projects...
[WARNING] 
[WARNING] Some problems were encountered while building the effective model for org.eclipse.php:org.eclipse.php.repository:eclipse-repository:1.1.0
[WARNING] 'build.plugins.plugin.version' for org.eclipse.tycho:tycho-packaging-plugin is missing. @ line 19, column 14
[WARNING] 
[WARNING] It is highly recommended to fix these problems because they threaten the stability of your build.
[WARNING] 
[WARNING] For this reason, future Maven versions might no longer support building such malformed projects.
[WARNING] 
[INFO] Computing target platform for MavenProject: org.eclipse.php:org.eclipse.php:1.1.0 @ /var/home/developerstudio/wso2/developer-studio/jaggery/org.eclipse.php-feature/pom.xml
[INFO] Fetching p2.index from http://download.eclipse.org/releases/juno/ (0B at 0B/s)
[INFO] Fetching p2.index from http://download.eclipse.org/releases/juno/ (128B at 0B/s)
[INFO] 1 operation remaining.
[INFO] Adding repository http://download.eclipse.org/releases/juno
[INFO] Fetching p2.index from http://download.eclipse.org/releases/juno/201303010900/ (0B at 0B/s)
[INFO] 1 operation remaining.
[INFO] Fetching p2.index from http://download.eclipse.org/releases/juno/201303010900/ (365B at 0B/s)
[INFO] Fetching p2.index from http://download.eclipse.org/releases/juno/201209280900/ (0B at 0B/s)
[INFO] 1 operation remaining.
[INFO] Fetching p2.index from http://download.eclipse.org/releases/juno/201209280900/ (365B at 0B/s)
[INFO] Fetching p2.index from http://download.eclipse.org/releases/juno/201206270900/ (0B at 0B/s)
[INFO] 1 operation remaining.
[INFO] Fetching p2.index from http://download.eclipse.org/releases/juno/201206270900/ (365B at 0B/s)
[INFO] Fetching p2.index from http://download.eclipse.org/technology/epp/packages/juno/ (0B at 0B/s)
[INFO] 1 operation remaining.
[INFO] Fetching p2.index from http://download.eclipse.org/technology/epp/packages/juno/ (116B at 0B/s)
[INFO] Adding repository http://download.eclipse.org/eclipse/updates/4.2/R-4.2-201206081400
[INFO] Fetching p2.index from http://download.eclipse.org/releases/kepler/ (0B at 0B/s)
[INFO] 1 operation remaining.
[INFO] Fetching p2.index from http://download.eclipse.org/releases/kepler/ (128B at 0B/s)
[INFO] Adding repository http://download.eclipse.org/releases/kepler
[INFO] Fetching p2.index from http://download.eclipse.org/releases/kepler/201402280900/ (0B at 0B/s)
[INFO] 1 operation remaining.
[INFO] Fetching p2.index from http://download.eclipse.org/releases/kepler/201402280900/ (365B at 0B/s)
[INFO] Fetching p2.index from http://download.eclipse.org/releases/kepler/201309270900/ (0B at 0B/s)
[INFO] 1 operation remaining.
[INFO] Fetching p2.index from http://download.eclipse.org/releases/kepler/201309270900/ (365B at 0B/s)
[INFO] Fetching p2.index from http://download.eclipse.org/releases/kepler/201306260900/ (0B at 0B/s)
[INFO] 1 operation remaining.
[INFO] Fetching p2.index from http://download.eclipse.org/releases/kepler/201306260900/ (365B at 0B/s)
[INFO] Fetching p2.index from http://download.eclipse.org/technology/epp/packages/kepler/ (0B at 0B/s)
[INFO] 1 operation remaining.
[INFO] Fetching p2.index from http://download.eclipse.org/technology/epp/packages/kepler/ (116B at 0B/s)
[INFO] Resolving dependencies of MavenProject: org.eclipse.php:org.eclipse.php:1.1.0 @ /var/home/developerstudio/wso2/developer-studio/jaggery/org.eclipse.php-feature/pom.xml
[WARNING] The following locally built units have been used to resolve project dependencies:
[WARNING]   org.wso2.developerstudio.eclipse.platform.core/3.6.0
[WARNING]   org.wso2.developerstudio.eclipse.logging/3.6.0
[WARNING]   org.wso2.developerstudio.eclipse.utils/3.6.0
[WARNING]   org.wso2.developerstudio.eclipse.samples/3.6.0
[WARNING]   org.wso2.developerstudio.eclipse.maven/3.6.0
[WARNING]   org.wso2.developerstudio.eclipse.libraries/3.6.0
[INFO] Resolving class path of MavenProject: org.eclipse.php:org.eclipse.php:1.1.0 @ /var/home/developerstudio/wso2/developer-studio/jaggery/org.eclipse.php-feature/pom.xml
[ERROR] Internal error: java.lang.RuntimeException: IOExc