[INFO] Scanning for projects...
[INFO]                                                                         
[INFO] ------------------------------------------------------------------------
[INFO] Building WSO2 Eclipse BPEL Designer Tools 3.6.0
[INFO] ------------------------------------------------------------------------
[INFO] 
[INFO] --- maven-clean-plugin:2.4.1:clean (default-clean) @ org.eclipse.bpel.feature ---
[INFO] Deleting /var/home/developerstudio/wso2/developer-studio/features/bps/org.eclipse.bpel.feature/target
[INFO] 
[INFO] --- incremental-build-plugin:1.3:incremental-build (default) @ org.eclipse.bpel.feature ---
[INFO] Verifying module descriptor ...
[INFO] Pom descriptor modification detected.
[INFO] Deleting /var/home/developerstudio/wso2/developer-studio/features/bps/org.eclipse.bpel.feature/target
[INFO] 
[INFO] --- tycho-source-plugin:0.19.0:plugin-source (plugin-source) @ org.eclipse.bpel.feature ---
[INFO] 
[INFO] --- carbon-p2-plugin:1.2:p2-feature-gen (p2-feature-generation) @ org.eclipse.bpel.feature ---
[INFO] ------------------------------------------------------------------------
[INFO] BUILD FAILURE
[INFO] ------------------------------------------------------------------------
[INFO] Total time: 2.259s
[INFO] Finished at: Wed Mar 05 21:06:11 PST 2014
[INFO] Final Memory: 19M/981M
[INFO] ------------------------------------------------------------------------
[ERROR] Failed to execute goal org.wso2.maven:carbon-p2-plugin:1.2:p2-feature-gen (p2-feature-generation) on project org.eclipse.bpel.feature: ERROR: Failure to find org.eclipse.bpel.plugins:org.eclipse.bpel.apache.ode.deploy.model:jar:1.0.3 in http://dist.wso2.org/maven2/ was cached in the local repository, resolution will not be reattempted until the update interval of wso2-maven2-repo has elapsed or updates are forced
[ERROR] 
[ERROR] Try downloading the file manually from the project website.
[ERROR] 
[ERROR] Then, install it using the command:
[ERROR] mvn install:install-file -DgroupId=org.eclipse.bpel.plugins -DartifactId=org.eclipse.bpel.apache.ode.deploy.model -Dversion=1.0.3 -Dpackaging=jar -Dfile=/path/to/file
[ERROR] 
[ERROR] Alternatively, if you host your own repository you can deploy the file there:
[ERROR] mvn deploy:deploy-file -DgroupId=org.eclipse.bpel.plugins -DartifactId=org.eclipse.bpel.apache.ode.deploy.model -Dversion=1.0.3 -Dpackaging=jar -Dfile=/path/to/file -Durl=[url] -DrepositoryId=[id]
[ERROR] 
[ERROR] 
[ERROR] org.eclipse.bpel.plugins:org.eclipse.bpel.apache.ode.deploy.model:jar:1.0.3
[ERROR] 
[ERROR] from the specified remote repositories:
[ERROR] wso2-maven2-repo (http://dist.wso2.org/maven2/, releases=true, snapshots=true),
[ERROR] Eclipse-p2-repo (http://download.eclipse.org/releases/kepler, releases=false, snapshots=false),
[ERROR] WSO2-Nexus-Maven-Repository (http://maven.wso2.org/nexus/content/groups/wso2-public/, releases=true, snapshots=true),
[ERROR] WSO2-Nexus-Maven-SNAPSHOT-Repository (http://maven.wso2.org/nexus/content/repositories/wso2.maven2.snapshot/, releases=true, snapshots=true),
[ERROR] central (http://repo.maven.apache.org/maven2, releases=true, snapshots=false)
[ERROR] -> [Help 1]
[ERROR] 
[ERROR] To see the full stack trace of the errors, re-run Maven with the -e switch.
[ERROR] Re-run Maven using the -X switch to enable full debug logging.
[ERROR] 
[ERROR] For more information about the errors and possible solutions, please read the following articles:
[ERROR] [Help 1] http://cwiki.apache.org/confluence/display/MAVEN/MojoExecutionException
[INFO] Scanning for projects...
[INFO]                                                                         
[INFO] ------------------------------------------------------------------------
[INFO] Building WSO2 Eclipse BPEL Designer Tools 3.6.0
[INFO] ------------------------------------------------------------------------
[INFO] 
[INFO] --- maven-clean-plugin:2.4.1:clean (default-clean) @ org.eclipse.bpel.feature ---
[INFO] Deleting /var/home/developerstudio/wso2/developer-studio/features/bps/org.eclipse.bpel.feature/target
[INFO] 
[INFO] --- incremental-build-plugin:1.3:incremental-build (default) @ org.eclipse.bpel.feature ---
[INFO] Verifying module descriptor ...
[INFO] Pom descriptor modification detected.
[INFO] Deleting /var/home/developerstudio/wso2/developer-studio/features/bps/org.eclipse.bpel.feature/target
[INFO] 
[INFO] --- tycho-source-plugin:0.19.0:plugin-source (plugin-source) @ org.eclipse.bpel.feature ---
[INFO] 
[INFO] --- carbon-p2-plugin:1.2:p2-feature-gen (p2-feature-generation) @ org.eclipse.bpel.feature ---
[INFO] Generating feature manifest
[INFO] Generating feature properties
[INFO] Generating MANIFEST.MF
[INFO] Copying bundle dependencies
[INFO]    org.eclipse.bpel.apache.ode.deploy.model:1.0.3.v20130816-0854-CI
[INFO]    org.eclipse.bpel.apache.ode.deploy.ui:1.0.3.v20130816-0854-CI
[INFO]    org.eclipse.bpel.apache.ode.runtime:1.0.3.v20130816-0854-CI
[INFO]    org.eclipse.bpel.cheatsheet:1.0.3.v20130816-0854-CI
[INFO]    org.eclipse.bpel.common.model:1.0.3.v20130816-0854-CI
[INFO]    org.eclipse.bpel.common.ui:1.0.3.v20130816-0854-CI
[INFO]    org.eclipse.bpel.help:1.0.3.v20130816-0854-CI
[INFO]    org.eclipse.bpel.common.wsdl:1.0.3.v20130816-0854-CI
[INFO]    org.eclipse.bpel.model:1.0.3.v20130816-0854-CI
[INFO]    org.eclipse.bpel.runtimes:1.0.3.v20130816-0854-CI
[INFO]    org.eclipse.bpel.ui:1.0.3.v20130816-0854-CI
[INFO]    org.eclipse.bpel.validator:1.0.3.v20130816-0854-CI
[INFO]    org.eclipse.bpel.wsil.model:1.0.3.v20130816-0854-CI
[INFO]    org.eclipse.bpel.xpath10:1.0.3.v20130816-0854-CI
[INFO]    org.wso2.wsf.ide.bpel.export:1.5.0
[INFO] Generating feature archive: /var/home/developerstudio/wso2/developer-studio/features/bps/org.eclipse.bpel.feature/target/org.eclipse.bpel.feature-3.6.0.zip
[INFO] 
[INFO] --- maven-install-plugin:2.3.1:install (default-install) @ org.eclipse.bpel.feature ---
[INFO] Installing /var/home/developerstudio/wso2/developer-studio/features/bps/org.eclipse.bpel.feature/pom.xml to /var/home/developerstudio/.m2/repository/org/wso2/developerstudio/org.eclipse.bpel.feature/3.6.0/org.eclipse.bpel.feature-3.6.0.pom
[INFO] Installing /var/home/developerstudio/wso2/developer-studio/features/bps/org.eclipse.bpel.feature/target/org.eclipse.bpel.feature-3.6.0.zip to /var/home/developerstudio/.m2/repository/org/wso2/developerstudio/org.eclipse.bpel.feature/3.6.0/org.eclipse.bpel.feature-3.6.0.zip
[INFO] ------------------------------------------------------------------------
[INFO] BUILD SUCCESS
[INFO] ------------------------------------------------------------------------
[INFO] Total time: 3.299s
[INFO] Finished at: Wed Mar 05 21:10:26 PST 2014
[INFO] Final Memory: 22M/981M
[INFO] ------------------------------------------------------------------------
[INFO] Scanning for projects...
[INFO]                                                                         
[INFO] ------------------------------------------------------------------------
[INFO] Building WSO2 Eclipse BPEL Designer Tools 3.6.0
[INFO] ------------------------------------------------------------------------
[INFO] 
[INFO] --- incremental-build-plugin:1.3:incremental-build (default) @ org.eclipse.bpel.feature ---
[INFO] Verifying module descriptor ...
[INFO] Verifying parent modules...
[INFO] Verifying resources...
[INFO] Resources directory does not exist : /var/home/developerstudio/wso2/developer-studio/features/bps/org.eclipse.bpel.feature/src/main/resources
[INFO] Verifying sources...
[INFO] No sources to check ...
[INFO] 
[INFO] --- tycho-source-plugin:0.19.0:plugin-source (plugin-source) @ org.eclipse.bpel.feature ---
[INFO] 
[INFO] --- carbon-p2-plugin:1.2:p2-feature-gen (p2-feature-generation) @ org.eclipse.bpel.feature ---
[INFO] Generating feature manifest
[INFO] Generating feature properties
[INFO] Generating MANIFEST.MF
[INFO] Copying bundle dependencies
[INFO]    org.eclipse.bpel.apache.ode.deploy.model:1.0.3.v20130816-0854-CI
[INFO]    org.eclipse.bpel.apache.ode.deploy.ui:1.0.3.v20130816-0854-CI
[INFO]    org.eclipse.bpel.apache.ode.runtime:1.0.3.v20130816-0854-CI
[INFO]    org.eclipse.bpel.cheatsheet:1.0.3.v20130816-0854-CI
[INFO]    org.eclipse.bpel.common.model:1.0.3.v20130816-0854-CI
[INFO]    org.eclipse.bpel.common.ui:1.0.3.v20130816-0854-CI
[INFO]    org.eclipse.bpel.help:1.0.3.v20130816-0854-CI
[INFO]    org.eclipse.bpel.common.wsdl:1.0.3.v20130816-0854-CI
[INFO]    org.eclipse.bpel.model:1.0.3.v20130816-0854-CI
[INFO]    org.eclipse.bpel.runtimes:1.0.3.v20130816-0854-CI
[INFO]    org.eclipse.bpel.ui:1.0.3.v20130816-0854-CI
[INFO]    org.eclipse.bpel.validator:1.0.3.v20130816-0854-CI
[INFO]    org.eclipse.bpel.wsil.model:1.0.3.v20130816-0854-CI
[INFO]    org.eclipse.bpel.xpath10:1.0.3.v20130816-0854-CI
[INFO]    org.wso2.wsf.ide.bpel.export:1.5.0
[INFO] Generating feature archive: /var/home/developerstudio/wso2/developer-studio/features/bps/org.eclipse.bpel.feature/target/org.eclipse.bpel.feature-3.6.0.zip
[INFO] 
[INFO] --- maven-install-plugin:2.3.1:install (default-install) @ org.eclipse.bpel.feature ---
[INFO] Installing /var/home/developerstudio/wso2/developer-studio/features/bps/org.eclipse.bpel.feature/pom.xml to /var/home/developerstudio/.m2/repository/org/wso2/developerstudio/org.eclipse.bpel.feature/3.6.0/org.eclipse.bpel.feature-3.6.0.pom
[INFO] Installing /var/home/developerstudio/wso2/developer-studio/features/bps/org.eclipse.bpel.feature/target/org.eclipse.bpel.feature-3.6.0.zip to /var/home/developerstudio/.m2/repository/org/wso2/developerstudio/org.eclipse.bpel.feature/3.6.0/org.eclipse.bpel.feature-3.6.0.zip
[INFO] 
[INFO] --- maven-deploy-plugin:2.7:deploy (default-deploy) @ org.eclipse.bpel.feature ---
Uploading: scp://dist.wso2.org/home/httpd/dist.wso2.org/maven2/org/wso2/developerstudio/org.eclipse.bpel.feature/3.6.0/org.eclipse.bpel.feature-3.6.0.pom
Uploaded: scp://dist.wso2.org/home/httpd/dist.wso2.org/maven2/org/wso2/developerstudio/org.eclipse.bpel.feature/3.6.0/org.eclipse.bpel.feature-3.6.0.pom (5 KB at 0.6 KB/sec)
Downloading: scp://dist.wso2.org/home/httpd/dist.wso2.org/maven2/org/wso2/developerstudio/org.eclipse.bpel.feature/maven-metadata.xml
Downloaded: scp://dist.wso2.org/home/httpd/dist.wso2.org/maven2/org/wso2/developerstudio/org.eclipse.bpel.feature/maven-metadata.xml (399 B at 0.2 KB/sec)
Uploading: scp://dist.wso2.org/home/httpd/dist.wso2.org/maven2/org/wso2/developerstudio/org.eclipse.bpel.feature/maven-metadata.xml
Uploaded: scp://dist.wso2.org/home/httpd/dist.wso2.org/maven2/org/wso2/developerstudio/org.eclipse.bpel.feature/maven-metadata.xml (430 B at 0.1 KB/sec)
Uploading: scp://dist.wso2.org/home/httpd/dist.wso2.org/maven2/org/wso2/developerstudio/org.eclipse.bpel.feature/3.6.0/org.eclipse.bpel.feature-3.6.0.zip
Uploaded: scp://dist.wso2.org/home/httpd/dist.wso2.org/maven2/org/wso2/developerstudio/org.eclipse.bpel.feature/3.6.0/org.eclipse.bpel.feature-3.6.0.zip (7272 KB at 456.1 KB/sec)
[INFO] ------------------------------------------------------------------------
[INFO] BUILD SUCCESS
[INFO] ------------------------------------------------------------------------
[INFO] Total time: 32.096s
[INFO] Finished at: Wed Mar 05 21:11:21 PST 2014
[INFO] Final Memory: 24M/981M
[INFO] ------------------------------------------------------------------------
