[INFO] Scanning for projects...
[WARNING] 
[WARNING] Some problems were encountered while building the effective model for org.wso2.developerstudio:developer-studio-eclipse-jee-kepler-win64-x86_64:pom:3.6.0
[WARNING] 'build.plugins.plugin.(groupId:artifactId)' must be unique but found duplicate declaration of plugin org.apache.maven.plugins:maven-antrun-plugin @ line 407, column 14
[WARNING] The expression ${artifactId} is deprecated. Please use ${project.artifactId} instead.
[WARNING] 
[WARNING] It is highly recommended to fix these problems because they threaten the stability of your build.
[WARNING] 
[WARNING] For this reason, future Maven versions might no longer support building such malformed projects.
[WARNING] 
[INFO]                                                                         
[INFO] ------------------------------------------------------------------------
[INFO] Building WSO2 Developer Studio Eclipse distribution - developer-studio-eclipse-jee-kepler-win64-x86_64 3.6.0
[INFO] ------------------------------------------------------------------------
[INFO] 
[INFO] --- maven-clean-plugin:2.4.1:clean (default-clean) @ developer-studio-eclipse-jee-kepler-win64-x86_64 ---
[INFO] Deleting /var/home/developerstudio/wso2/developer-studio/features/installed-distributions/developer-studio-eclipse-jee-kepler-win64-x86_64/target
[INFO] 
[INFO] --- incremental-build-plugin:1.3:incremental-build (default) @ developer-studio-eclipse-jee-kepler-win64-x86_64 ---
[INFO] Verifying module descriptor ...
[INFO] Pom descriptor modification detected.
[INFO] Deleting /var/home/developerstudio/wso2/developer-studio/features/installed-distributions/developer-studio-eclipse-jee-kepler-win64-x86_64/target
[INFO] 
[INFO] --- maven-dependency-plugin:2.0-alpha-4:unpack (1-unpack-p2-agent-distribution) @ developer-studio-eclipse-jee-kepler-win64-x86_64 ---
[INFO] Configured Artifact: org.eclipse:eclipse-jee-kepler-win64-x86_64:4.3.2:zip
Downloading: http://dist.wso2.org/maven2/org/eclipse/eclipse-jee-kepler-win64-x86_64/4.3.2/eclipse-jee-kepler-win64-x86_64-4.3.2.zip
